<?xml version="1.0" encoding="UTF-8"?>
<!-- Generated by org.testng.reporters.JUnitXMLReporter -->
<testsuite hostname="L75305803" ignored="0" name="AddToCartFirefoxTest" tests="1" failures="0" timestamp="26 Nov 2017 12:23:34 GMT" time="9.446" errors="0">
  <testcase name="@BeforeTest setUpTest" time="0.0" classname="com.selenium.tests.AddToCartTests">
    <failure type="org.openqa.selenium.SessionNotCreatedException" message="Unable to find a matching set of capabilities
Build info: version: &amp;apos;3.7.1&amp;apos;, revision: &amp;apos;8a0099a&amp;apos;, time: &amp;apos;2017-11-06T21:07:36.161Z&amp;apos;
System info: host: &amp;apos;L75305803&amp;apos;, ip: &amp;apos;172.28.128.1&amp;apos;, os.name: &amp;apos;Windows 8.1&amp;apos;, os.arch: &amp;apos;amd64&amp;apos;, os.version: &amp;apos;6.3&amp;apos;, java.version: &amp;apos;1.8.0_102&amp;apos;
Driver info: driver.version: CustomFirefoxDriver
remote stacktrace: stack backtrace:
   0:           0x47e934 - &amp;lt;no info&amp;gt;
   1:           0x47f0a3 - &amp;lt;no info&amp;gt;
   2:           0x442511 - &amp;lt;no info&amp;gt;
   3:           0x4436da - &amp;lt;no info&amp;gt;
   4:           0x42a890 - &amp;lt;no info&amp;gt;
   5:           0x406f5e - &amp;lt;no info&amp;gt;
   6:           0x40cfc9 - &amp;lt;no info&amp;gt;
   7:           0x6bef19 - &amp;lt;no info&amp;gt;
   8:           0x420756 - &amp;lt;no info&amp;gt;
   9:           0x6b96e0 - &amp;lt;no info&amp;gt;
  10:     0x7ffe7a6a13d2 - BaseThreadInitThunk">
      <![CDATA[org.openqa.selenium.SessionNotCreatedException: Unable to find a matching set of capabilities
Build info: version: '3.7.1', revision: '8a0099a', time: '2017-11-06T21:07:36.161Z'
System info: host: 'L75305803', ip: '172.28.128.1', os.name: 'Windows 8.1', os.arch: 'amd64', os.version: '6.3', java.version: '1.8.0_102'
Driver info: driver.version: CustomFirefoxDriver
remote stacktrace: stack backtrace:
   0:           0x47e934 - <no info>
   1:           0x47f0a3 - <no info>
   2:           0x442511 - <no info>
   3:           0x4436da - <no info>
   4:           0x42a890 - <no info>
   5:           0x406f5e - <no info>
   6:           0x40cfc9 - <no info>
   7:           0x6bef19 - <no info>
   8:           0x420756 - <no info>
   9:           0x6b96e0 - <no info>
  10:     0x7ffe7a6a13d2 - BaseThreadInitThunk
	at org.openqa.selenium.remote.W3CHandshakeResponse.lambda$new$0(W3CHandshakeResponse.java:57)
	at org.openqa.selenium.remote.W3CHandshakeResponse.lambda$getResponseFunction$2(W3CHandshakeResponse.java:104)
	at org.openqa.selenium.remote.ProtocolHandshake.lambda$createSession$0(ProtocolHandshake.java:123)
	at java.util.stream.ReferencePipeline$3$1.accept(Unknown Source)
	at java.util.Spliterators$ArraySpliterator.tryAdvance(Unknown Source)
	at java.util.stream.ReferencePipeline.forEachWithCancel(Unknown Source)
	at java.util.stream.AbstractPipeline.copyIntoWithCancel(Unknown Source)
	at java.util.stream.AbstractPipeline.copyInto(Unknown Source)
	at java.util.stream.AbstractPipeline.wrapAndCopyInto(Unknown Source)
	at java.util.stream.FindOps$FindOp.evaluateSequential(Unknown Source)
	at java.util.stream.AbstractPipeline.evaluate(Unknown Source)
	at java.util.stream.ReferencePipeline.findFirst(Unknown Source)
	at org.openqa.selenium.remote.ProtocolHandshake.createSession(ProtocolHandshake.java:126)
	at org.openqa.selenium.remote.ProtocolHandshake.createSession(ProtocolHandshake.java:73)
	at org.openqa.selenium.remote.HttpCommandExecutor.execute(HttpCommandExecutor.java:142)
	at org.openqa.selenium.remote.service.DriverCommandExecutor.execute(DriverCommandExecutor.java:83)
	at org.openqa.selenium.remote.RemoteWebDriver.execute(RemoteWebDriver.java:600)
	at org.openqa.selenium.remote.RemoteWebDriver.startSession(RemoteWebDriver.java:219)
	at org.openqa.selenium.remote.RemoteWebDriver.<init>(RemoteWebDriver.java:142)
	at org.openqa.selenium.firefox.FirefoxDriver.<init>(FirefoxDriver.java:120)
	at com.selenium.utils.CustomFirefoxDriver.getDriver(CustomFirefoxDriver.java:30)
	at com.selenium.utils.BrowserSession.GetBrowserSession(BrowserSession.java:25)
	at com.selenium.tests.BaseTest.setUpTest(BaseTest.java:18)
	at com.selenium.tests.AddToCartTests.setUpTest(AddToCartTests.java:26)
	at java.util.concurrent.FutureTask.run(Unknown Source)
	at java.util.concurrent.ThreadPoolExecutor.runWorker(Unknown Source)
	at java.util.concurrent.ThreadPoolExecutor$Worker.run(Unknown Source)
	at java.lang.Thread.run(Unknown Source)
... Removed 18 stack frames]]>
    </failure>
  </testcase> <!-- @BeforeTest setUpTest -->
  <testcase name="@AfterTest tearDownTest" time="0.0" classname="com.selenium.tests.BaseTest">
    <failure type="java.lang.NullPointerException">
      <![CDATA[java.lang.NullPointerException
	at com.selenium.tests.BaseTest.tearDownTest(BaseTest.java:27)
	at java.util.concurrent.FutureTask.run(Unknown Source)
	at java.util.concurrent.ThreadPoolExecutor.runWorker(Unknown Source)
	at java.util.concurrent.ThreadPoolExecutor$Worker.run(Unknown Source)
	at java.lang.Thread.run(Unknown Source)
... Removed 14 stack frames]]>
    </failure>
  </testcase> <!-- @AfterTest tearDownTest -->
  <testcase name="VerifyProductAddedToCartTest" time="0.003" classname="com.selenium.tests.AddToCartTests">
    <skipped/>
  </testcase> <!-- VerifyProductAddedToCartTest -->
</testsuite> <!-- AddToCartFirefoxTest -->
